18:27:14 **** Build of configuration Debug for project Example18_task_statistics ****
make -r all 
Building file: ../FreeRTOS_Source/portable/heap_2.c
Invoking: MCU C Compiler
arm-none-eabi-gcc -DDEBUG -D__USE_CMSIS=CMSISv1p30_LPC17xx -D__CODE_RED -D__REDLIB__ -I"C:\Users\Debajyoti Maitra\Documents\LPCXpresso_8.2.2_650\workspace\Example18_task_statistics" -I"C:\Users\Debajyoti Maitra\Documents\LPCXpresso_8.2.2_650\workspace\Example18_task_statistics\FreeRTOS_Source\include" -I"C:\Users\Debajyoti Maitra\Documents\LPCXpresso_8.2.2_650\workspace\Example18_task_statistics\FreeRTOS_Source\portable" -I"C:\Users\Debajyoti Maitra\Documents\LPCXpresso_8.2.2_650\workspace\FreeRTOS_Library\demo_code" -I"C:\Users\Debajyoti Maitra\Documents\LPCXpresso_8.2.2_650\workspace\CMSISv1p30_LPC17xx\inc" -O1 -g3 -fsigned-char -c -fmessage-length=0 -fno-builtin -ffunction-sections -mcpu=cortex-m3 -mthumb -D__REDLIB__ -specs=redlib.specs -MMD -MP -MF"FreeRTOS_Source/portable/heap_2.d" -MT"FreeRTOS_Source/portable/heap_2.o" -MT"FreeRTOS_Source/portable/heap_2.d" -o "FreeRTOS_Source/portable/heap_2.o" "../FreeRTOS_Source/portable/heap_2.c"
Finished building: ../FreeRTOS_Source/portable/heap_2.c
 
Building file: ../FreeRTOS_Source/portable/port.c
Invoking: MCU C Compiler
arm-none-eabi-gcc -DDEBUG -D__USE_CMSIS=CMSISv1p30_LPC17xx -D__CODE_RED -D__REDLIB__ -I"C:\Users\Debajyoti Maitra\Documents\LPCXpresso_8.2.2_650\workspace\Example18_task_statistics" -I"C:\Users\Debajyoti Maitra\Documents\LPCXpresso_8.2.2_650\workspace\Example18_task_statistics\FreeRTOS_Source\include" -I"C:\Users\Debajyoti Maitra\Documents\LPCXpresso_8.2.2_650\workspace\Example18_task_statistics\FreeRTOS_Source\portable" -I"C:\Users\Debajyoti Maitra\Documents\LPCXpresso_8.2.2_650\workspace\FreeRTOS_Library\demo_code" -I"C:\Users\Debajyoti Maitra\Documents\LPCXpresso_8.2.2_650\workspace\CMSISv1p30_LPC17xx\inc" -O1 -g3 -fsigned-char -c -fmessage-length=0 -fno-builtin -ffunction-sections -mcpu=cortex-m3 -mthumb -D__REDLIB__ -specs=redlib.specs -MMD -MP -MF"FreeRTOS_Source/portable/port.d" -MT"FreeRTOS_Source/portable/port.o" -MT"FreeRTOS_Source/portable/port.d" -o "FreeRTOS_Source/portable/port.o" "../FreeRTOS_Source/portable/port.c"
Finished building: ../FreeRTOS_Source/portable/port.c
 
Building file: ../FreeRTOS_Source/demo_code/basic_io.c
Invoking: MCU C Compiler
arm-none-eabi-gcc -DDEBUG -D__USE_CMSIS=CMSISv1p30_LPC17xx -D__CODE_RED -D__REDLIB__ -I"C:\Users\Debajyoti Maitra\Documents\LPCXpresso_8.2.2_650\workspace\Example18_task_statistics" -I"C:\Users\Debajyoti Maitra\Documents\LPCXpresso_8.2.2_650\workspace\Example18_task_statistics\FreeRTOS_Source\include" -I"C:\Users\Debajyoti Maitra\Documents\LPCXpresso_8.2.2_650\workspace\Example18_task_statistics\FreeRTOS_Source\portable" -I"C:\Users\Debajyoti Maitra\Documents\LPCXpresso_8.2.2_650\workspace\FreeRTOS_Library\demo_code" -I"C:\Users\Debajyoti Maitra\Documents\LPCXpresso_8.2.2_650\workspace\CMSISv1p30_LPC17xx\inc" -O1 -g3 -fsigned-char -c -fmessage-length=0 -fno-builtin -ffunction-sections -mcpu=cortex-m3 -mthumb -D__REDLIB__ -specs=redlib.specs -MMD -MP -MF"FreeRTOS_Source/demo_code/basic_io.d" -MT"FreeRTOS_Source/demo_code/basic_io.o" -MT"FreeRTOS_Source/demo_code/basic_io.d" -o "FreeRTOS_Source/demo_code/basic_io.o" "../FreeRTOS_Source/demo_code/basic_io.c"
Finished building: ../FreeRTOS_Source/demo_code/basic_io.c
 
Building file: ../FreeRTOS_Source/demo_code/consoleprint.c
Invoking: MCU C Compiler
arm-none-eabi-gcc -DDEBUG -D__USE_CMSIS=CMSISv1p30_LPC17xx -D__CODE_RED -D__REDLIB__ -I"C:\Users\Debajyoti Maitra\Documents\LPCXpresso_8.2.2_650\workspace\Example18_task_statistics" -I"C:\Users\Debajyoti Maitra\Documents\LPCXpresso_8.2.2_650\workspace\Example18_task_statistics\FreeRTOS_Source\include" -I"C:\Users\Debajyoti Maitra\Documents\LPCXpresso_8.2.2_650\workspace\Example18_task_statistics\FreeRTOS_Source\portable" -I"C:\Users\Debajyoti Maitra\Documents\LPCXpresso_8.2.2_650\workspace\FreeRTOS_Library\demo_code" -I"C:\Users\Debajyoti Maitra\Documents\LPCXpresso_8.2.2_650\workspace\CMSISv1p30_LPC17xx\inc" -O1 -g3 -fsigned-char -c -fmessage-length=0 -fno-builtin -ffunction-sections -mcpu=cortex-m3 -mthumb -D__REDLIB__ -specs=redlib.specs -MMD -MP -MF"FreeRTOS_Source/demo_code/consoleprint.d" -MT"FreeRTOS_Source/demo_code/consoleprint.o" -MT"FreeRTOS_Source/demo_code/consoleprint.d" -o "FreeRTOS_Source/demo_code/consoleprint.o" "../FreeRTOS_Source/demo_code/consoleprint.c"
Finished building: ../FreeRTOS_Source/demo_code/consoleprint.c
 
Building file: ../FreeRTOS_Source/list.c
Invoking: MCU C Compiler
arm-none-eabi-gcc -DDEBUG -D__USE_CMSIS=CMSISv1p30_LPC17xx -D__CODE_RED -D__REDLIB__ -I"C:\Users\Debajyoti Maitra\Documents\LPCXpresso_8.2.2_650\workspace\Example18_task_statistics" -I"C:\Users\Debajyoti Maitra\Documents\LPCXpresso_8.2.2_650\workspace\Example18_task_statistics\FreeRTOS_Source\include" -I"C:\Users\Debajyoti Maitra\Documents\LPCXpresso_8.2.2_650\workspace\Example18_task_statistics\FreeRTOS_Source\portable" -I"C:\Users\Debajyoti Maitra\Documents\LPCXpresso_8.2.2_650\workspace\FreeRTOS_Library\demo_code" -I"C:\Users\Debajyoti Maitra\Documents\LPCXpresso_8.2.2_650\workspace\CMSISv1p30_LPC17xx\inc" -O1 -g3 -fsigned-char -c -fmessage-length=0 -fno-builtin -ffunction-sections -mcpu=cortex-m3 -mthumb -D__REDLIB__ -specs=redlib.specs -MMD -MP -MF"FreeRTOS_Source/list.d" -MT"FreeRTOS_Source/list.o" -MT"FreeRTOS_Source/list.d" -o "FreeRTOS_Source/list.o" "../FreeRTOS_Source/list.c"
Finished building: ../FreeRTOS_Source/list.c
 
Building file: ../FreeRTOS_Source/queue.c
Invoking: MCU C Compiler
arm-none-eabi-gcc -DDEBUG -D__USE_CMSIS=CMSISv1p30_LPC17xx -D__CODE_RED -D__REDLIB__ -I"C:\Users\Debajyoti Maitra\Documents\LPCXpresso_8.2.2_650\workspace\Example18_task_statistics" -I"C:\Users\Debajyoti Maitra\Documents\LPCXpresso_8.2.2_650\workspace\Example18_task_statistics\FreeRTOS_Source\include" -I"C:\Users\Debajyoti Maitra\Documents\LPCXpresso_8.2.2_650\workspace\Example18_task_statistics\FreeRTOS_Source\portable" -I"C:\Users\Debajyoti Maitra\Documents\LPCXpresso_8.2.2_650\workspace\FreeRTOS_Library\demo_code" -I"C:\Users\Debajyoti Maitra\Documents\LPCXpresso_8.2.2_650\workspace\CMSISv1p30_LPC17xx\inc" -O1 -g3 -fsigned-char -c -fmessage-length=0 -fno-builtin -ffunction-sections -mcpu=cortex-m3 -mthumb -D__REDLIB__ -specs=redlib.specs -MMD -MP -MF"FreeRTOS_Source/queue.d" -MT"FreeRTOS_Source/queue.o" -MT"FreeRTOS_Source/queue.d" -o "FreeRTOS_Source/queue.o" "../FreeRTOS_Source/queue.c"
Finished building: ../FreeRTOS_Source/queue.c
 
Building file: ../FreeRTOS_Source/tasks.c
Invoking: MCU C Compiler
arm-none-eabi-gcc -DDEBUG -D__USE_CMSIS=CMSISv1p30_LPC17xx -D__CODE_RED -D__REDLIB__ -I"C:\Users\Debajyoti Maitra\Documents\LPCXpresso_8.2.2_650\workspace\Example18_task_statistics" -I"C:\Users\Debajyoti Maitra\Documents\LPCXpresso_8.2.2_650\workspace\Example18_task_statistics\FreeRTOS_Source\include" -I"C:\Users\Debajyoti Maitra\Documents\LPCXpresso_8.2.2_650\workspace\Example18_task_statistics\FreeRTOS_Source\portable" -I"C:\Users\Debajyoti Maitra\Documents\LPCXpresso_8.2.2_650\workspace\FreeRTOS_Library\demo_code" -I"C:\Users\Debajyoti Maitra\Documents\LPCXpresso_8.2.2_650\workspace\CMSISv1p30_LPC17xx\inc" -O1 -g3 -fsigned-char -c -fmessage-length=0 -fno-builtin -ffunction-sections -mcpu=cortex-m3 -mthumb -D__REDLIB__ -specs=redlib.specs -MMD -MP -MF"FreeRTOS_Source/tasks.d" -MT"FreeRTOS_Source/tasks.o" -MT"FreeRTOS_Source/tasks.d" -o "FreeRTOS_Source/tasks.o" "../FreeRTOS_Source/tasks.c"
Finished building: ../FreeRTOS_Source/tasks.c
 
Building file: ../cr_startup_lpc17.c
Invoking: MCU C Compiler
arm-none-eabi-gcc -DDEBUG -D__USE_CMSIS=CMSISv1p30_LPC17xx -D__CODE_RED -D__REDLIB__ -I"C:\Users\Debajyoti Maitra\Documents\LPCXpresso_8.2.2_650\workspace\Example18_task_statistics" -I"C:\Users\Debajyoti Maitra\Documents\LPCXpresso_8.2.2_650\workspace\Example18_task_statistics\FreeRTOS_Source\include" -I"C:\Users\Debajyoti Maitra\Documents\LPCXpresso_8.2.2_650\workspace\Example18_task_statistics\FreeRTOS_Source\portable" -I"C:\Users\Debajyoti Maitra\Documents\LPCXpresso_8.2.2_650\workspace\FreeRTOS_Library\demo_code" -I"C:\Users\Debajyoti Maitra\Documents\LPCXpresso_8.2.2_650\workspace\CMSISv1p30_LPC17xx\inc" -O1 -g3 -fsigned-char -c -fmessage-length=0 -fno-builtin -ffunction-sections -mcpu=cortex-m3 -mthumb -D__REDLIB__ -specs=redlib.specs -MMD -MP -MF"cr_startup_lpc17.d" -MT"cr_startup_lpc17.o" -MT"cr_startup_lpc17.d" -o "cr_startup_lpc17.o" "../cr_startup_lpc17.c"
Finished building: ../cr_startup_lpc17.c
 
Building file: ../main.c
Invoking: MCU C Compiler
arm-none-eabi-gcc -DDEBUG -D__USE_CMSIS=CMSISv1p30_LPC17xx -D__CODE_RED -D__REDLIB__ -I"C:\Users\Debajyoti Maitra\Documents\LPCXpresso_8.2.2_650\workspace\Example18_task_statistics" -I"C:\Users\Debajyoti Maitra\Documents\LPCXpresso_8.2.2_650\workspace\Example18_task_statistics\FreeRTOS_Source\include" -I"C:\Users\Debajyoti Maitra\Documents\LPCXpresso_8.2.2_650\workspace\Example18_task_statistics\FreeRTOS_Source\portable" -I"C:\Users\Debajyoti Maitra\Documents\LPCXpresso_8.2.2_650\workspace\FreeRTOS_Library\demo_code" -I"C:\Users\Debajyoti Maitra\Documents\LPCXpresso_8.2.2_650\workspace\CMSISv1p30_LPC17xx\inc" -O1 -g3 -fsigned-char -c -fmessage-length=0 -fno-builtin -ffunction-sections -mcpu=cortex-m3 -mthumb -D__REDLIB__ -specs=redlib.specs -MMD -MP -MF"main.d" -MT"main.o" -MT"main.d" -o "main.o" "../main.c"
../main.c: In function 'main':
../main.c:53:2: warning: implicit declaration of function 'printf' [-Wimplicit-function-declaration]
  printf( "\n" );
  ^
../main.c:57:2: warning: implicit declaration of function 'vSetupTimerForRunTimeStats' [-Wimplicit-function-declaration]
  vSetupTimerForRunTimeStats( );
  ^
../main.c: In function 'prvDemoTask':
../main.c:110:3: warning: implicit declaration of function 'vPrintStringAndNumber' [-Wimplicit-function-declaration]
   vPrintStringAndNumber( pcTaskName, ultimestamp1 );
   ^
../main.c: At top level:
../main.c:200:6: warning: conflicting types for 'vSetupTimerForRunTimeStats'
 void vSetupTimerForRunTimeStats( void )
      ^
../main.c:57:2: note: previous implicit declaration of 'vSetupTimerForRunTimeStats' was here
  vSetupTimerForRunTimeStats( );
  ^
Finished building: ../main.c
 
Building target: Example18_task_statistics.axf
Invoking: MCU Linker
arm-none-eabi-gcc -nostdlib -L"C:\Users\Debajyoti Maitra\Documents\LPCXpresso_8.2.2_650\workspace\CMSISv1p30_LPC17xx\Debug" -Xlinker --gc-sections -Xlinker -Map=Example18_task_statistics.map -mcpu=cortex-m3 -mthumb -T "Example18_task_statistics_Debug.ld" -o "Example18_task_statistics.axf"  ./FreeRTOS_Source/portable/heap_2.o ./FreeRTOS_Source/portable/port.o  ./FreeRTOS_Source/demo_code/basic_io.o ./FreeRTOS_Source/demo_code/consoleprint.o  ./FreeRTOS_Source/list.o ./FreeRTOS_Source/queue.o ./FreeRTOS_Source/tasks.o  ./cr_startup_lpc17.o ./main.o   -lCMSISv1p30_LPC17xx
c:/nxp/lpcxpresso_8.2.2_650/lpcxpresso/tools/bin/../lib/gcc/arm-none-eabi/5.4.1/../../../../arm-none-eabi/bin/ld.exe: cannot find -lCMSISv1p30_LPC17xx
collect2.exe: error: ld returned 1 exit status
make: *** [Example18_task_statistics.axf] Error 1

18:27:16 Build Finished (took 2s.94ms)

