18:27:22 **** Build of configuration Debug for project Example15_lock_mutex ****
make -r all 
Building file: ../cr_startup_lpc17.c
Invoking: MCU C Compiler
arm-none-eabi-gcc -DDEBUG -D__USE_CMSIS=CMSISv1p30_LPC17xx -D__CODE_RED -D__REDLIB__ -I"C:\Users\Debajyoti Maitra\Documents\LPCXpresso_8.2.2_650\workspace\FreeRTOS_Library\demo_code" -I"C:\Users\Debajyoti Maitra\Documents\LPCXpresso_8.2.2_650\workspace\CMSISv1p30_LPC17xx\inc" -I"C:\Users\Debajyoti Maitra\Documents\LPCXpresso_8.2.2_650\workspace\FreeRTOS_Library\include" -I"C:\Users\Debajyoti Maitra\Documents\LPCXpresso_8.2.2_650\workspace\FreeRTOS_Library\portable" -O0 -g3 -fsigned-char -c -fmessage-length=0 -fno-builtin -ffunction-sections -mcpu=cortex-m3 -mthumb -D__REDLIB__ -specs=redlib.specs -MMD -MP -MF"cr_startup_lpc17.d" -MT"cr_startup_lpc17.o" -MT"cr_startup_lpc17.d" -o "cr_startup_lpc17.o" "../cr_startup_lpc17.c"
Finished building: ../cr_startup_lpc17.c
 
Building file: ../main.c
Invoking: MCU C Compiler
arm-none-eabi-gcc -DDEBUG -D__USE_CMSIS=CMSISv1p30_LPC17xx -D__CODE_RED -D__REDLIB__ -I"C:\Users\Debajyoti Maitra\Documents\LPCXpresso_8.2.2_650\workspace\FreeRTOS_Library\demo_code" -I"C:\Users\Debajyoti Maitra\Documents\LPCXpresso_8.2.2_650\workspace\CMSISv1p30_LPC17xx\inc" -I"C:\Users\Debajyoti Maitra\Documents\LPCXpresso_8.2.2_650\workspace\FreeRTOS_Library\include" -I"C:\Users\Debajyoti Maitra\Documents\LPCXpresso_8.2.2_650\workspace\FreeRTOS_Library\portable" -O0 -g3 -fsigned-char -c -fmessage-length=0 -fno-builtin -ffunction-sections -mcpu=cortex-m3 -mthumb -D__REDLIB__ -specs=redlib.specs -MMD -MP -MF"main.d" -MT"main.o" -MT"main.d" -o "main.o" "../main.c"
../main.c: In function 'prvNewPrintString':
../main.c:132:3: warning: implicit declaration of function 'consoleprint' [-Wimplicit-function-declaration]
   consoleprint( cBuffer );
   ^
Finished building: ../main.c
 
Building target: Example15_lock_mutex.axf
Invoking: MCU Linker
arm-none-eabi-gcc -nostdlib -L"C:\Users\Debajyoti Maitra\Documents\LPCXpresso_8.2.2_650\workspace\CMSISv1p30_LPC17xx\Debug" -L"C:\Users\Debajyoti Maitra\Documents\LPCXpresso_8.2.2_650\workspace\FreeRTOS_Library\Debug" -Xlinker --gc-sections -Xlinker -Map=Example15_lock_mutex.map -mcpu=cortex-m3 -mthumb -T "Example15_lock_mutex_Debug.ld" -o "Example15_lock_mutex.axf"  ./cr_startup_lpc17.o ./main.o   -lCMSISv1p30_LPC17xx -lFreeRTOS_Library
c:/nxp/lpcxpresso_8.2.2_650/lpcxpresso/tools/bin/../lib/gcc/arm-none-eabi/5.4.1/../../../../arm-none-eabi/bin/ld.exe: cannot find -lCMSISv1p30_LPC17xx
c:/nxp/lpcxpresso_8.2.2_650/lpcxpresso/tools/bin/../lib/gcc/arm-none-eabi/5.4.1/../../../../arm-none-eabi/bin/ld.exe: cannot find -lFreeRTOS_Library
collect2.exe: error: ld returned 1 exit status
make: *** [Example15_lock_mutex.axf] Error 1

18:27:22 Build Finished (took 516ms)

